<?xml version="1.0" encoding="UTF-8"?>
<testsuite xmlns:xsi="http://www.w3.org/2001/XMLSchema-instance" xsi:noNamespaceSchemaLocation="https://maven.apache.org/surefire/maven-surefire-plugin/xsd/surefire-test-report.xsd" version="3.0.2" name="com.auction.web.service.SecurityFeaturesTest" time="25.811" tests="20" errors="0" skipped="0" failures="0">
  <properties>
[...]
</properties>
  <testcase name="passwordPolicyRejectsWeakPasswords" classname="com.auction.web.service.SecurityFeaturesTest" time="0.002">
    <system-out><![CDATA[AuctionService initialized. Using persistent sessions.
]]></system-out>
    <system-err><![CDATA[WebSocket error: Address already in use: bind
]]></system-err>
  </testcase>
  <testcase name="registerRejectsWeakPassword" classname="com.auction.web.service.SecurityFeaturesTest" time="0.002"/>
  <testcase name="changePasswordEnforcesPolicy" classname="com.auction.web.service.SecurityFeaturesTest" time="2.285"/>
  <testcase name="accountLockoutAfterFailedAttempts" classname="com.auction.web.service.SecurityFeaturesTest" time="3.212"/>
  <testcase name="successfulLoginResetsFailedAttempts" classname="com.auction.web.service.SecurityFeaturesTest" time="5.089"/>
  <testcase name="csrfTokenGeneratedOnLogin" classname="com.auction.web.service.SecurityFeaturesTest" time="0.702"/>
  <testcase name="csrfTokenValidationRejectsInvalid" classname="com.auction.web.service.SecurityFeaturesTest" time="0.717"/>
  <testcase name="passwordResetFlow" classname="com.auction.web.service.SecurityFeaturesTest" time="2.354"/>
  <testcase name="passwordResetRejectsExpiredToken" classname="com.auction.web.service.SecurityFeaturesTest" time="0.601"/>
  <testcase name="passwordResetRejectsWeakNewPassword" classname="com.auction.web.service.SecurityFeaturesTest" time="0.749"/>
  <testcase name="emailVerificationFlow" classname="com.auction.web.service.SecurityFeaturesTest" time="0.935"/>
  <testcase name="emailVerificationRejectsInvalidFormat" classname="com.auction.web.service.SecurityFeaturesTest" time="0.93"/>
  <testcase name="sessionExpiryDeletesOldSessions" classname="com.auction.web.service.SecurityFeaturesTest" time="0.754"/>
  <testcase name="changePasswordRequiresCorrectCurrentPassword" classname="com.auction.web.service.SecurityFeaturesTest" time="0.937"/>
  <testcase name="deleteAccountRequiresCorrectPassword" classname="com.auction.web.service.SecurityFeaturesTest" time="0.94"/>
  <testcase name="deleteAccountRequiresAdminRole" classname="com.auction.web.service.SecurityFeaturesTest" time="0.753"/>
  <testcase name="adminCannotBeDeleted" classname="com.auction.web.service.SecurityFeaturesTest" time="0.938"/>
  <testcase name="nonAdminCannotListUsers" classname="com.auction.web.service.SecurityFeaturesTest" time="0.752"/>
  <testcase name="nonAdminCannotCancelAuction" classname="com.auction.web.service.SecurityFeaturesTest" time="0.746"/>
  <testcase name="nonAdminCannotUpdateAuctionLimit" classname="com.auction.web.service.SecurityFeaturesTest" time="0.755"/>
</testsuite>